<?xml version="1.0" encoding="UTF-8"?>
<!-- Generated by org.testng.reporters.JUnitXMLReporter -->
<testsuite hostname="KasunD" ignored="0" name="Testing2TestNG" tests="1" failures="1" timestamp="2019-11-19T20:14:44 IST" time="18.495" errors="0">
  <testcase name="verifyApp" time="18.352" classname="TestNGSample1.VideoSample1">
    <failure type="java.lang.AssertionError" message="expected [Test] but found [Facebook – log in or sign up]">
      <![CDATA[java.lang.AssertionError: expected [Test] but found [Facebook – log in or sign up]
at TestNGSample1.VideoSample1.verifyApp(VideoSample1.java:43)
at java.util.ArrayList.forEach(ArrayList.java:1249)
... Removed 31 stack frames]]>
    </failure>
  </testcase> <!-- verifyApp -->
</testsuite> <!-- Testing2TestNG -->
